\BOOKMARK [1][-]{section.1}{Introducci\363n al proyecto}{}% 1
\BOOKMARK [1][-]{section.2}{Analisis Cinematico del brazo}{}% 2
\BOOKMARK [2][-]{subsection.2.1}{Modelo Cinematico Directo}{section.2}% 3
\BOOKMARK [3][-]{subsubsection.2.1.1}{Parametros y estudio del MCD seg\372n Denavit-Hartemberg}{subsection.2.1}% 4
\BOOKMARK [3][-]{subsubsection.2.1.2}{Matrices de transformaci\363n homog\351neas del robot}{subsection.2.1}% 5
\BOOKMARK [3][-]{subsubsection.2.1.3}{Ecuaciones simb\363licas del MCD}{subsection.2.1}% 6
\BOOKMARK [2][-]{subsection.2.2}{Modelo Cinematico Inverso}{section.2}% 7
\BOOKMARK [2][-]{subsection.2.3}{Jacobiano del robot y analisis de puntos singulares}{section.2}% 8
\BOOKMARK [1][-]{section.3}{Analisis Dinamico del brazo}{}% 9
\BOOKMARK [2][-]{subsection.3.1}{Obtencion Modelo Dinamico mediante Newton-Euler}{section.3}% 10
\BOOKMARK [1][-]{section.4}{Obtencion de los parametros dinamicos del robot}{}% 11
\BOOKMARK [2][-]{subsection.4.1}{Obtencion del modelo para estimar los parametros}{section.4}% 12
\BOOKMARK [2][-]{subsection.4.2}{Estimacion de parametros dinamicos}{section.4}% 13
\BOOKMARK [2][-]{subsection.4.3}{Calculos estadisticos}{section.4}% 14
\BOOKMARK [2][-]{subsection.4.4}{Analisis de resultados}{section.4}% 15
\BOOKMARK [1][-]{section.5}{Control Cinematico del robot}{}% 16
\BOOKMARK [2][-]{subsection.5.1}{Generador de trayectorias punto a punto}{section.5}% 17
\BOOKMARK [2][-]{subsection.5.2}{Generador de trayectorias lineal}{section.5}% 18
\BOOKMARK [2][-]{subsection.5.3}{Pruebas y conclusiones}{section.5}% 19
\BOOKMARK [1][-]{section.6}{Control Din\341mico del brazo}{}% 20
\BOOKMARK [2][-]{subsection.6.1}{Obtencion del modelo lineal de las articulaciones del brazo}{section.6}% 21
\BOOKMARK [2][-]{subsection.6.2}{Dise\361o de controladores}{section.6}% 22
\BOOKMARK [2][-]{subsection.6.3}{FANTASIA VARIADA DE GIL}{section.6}% 23
\BOOKMARK [1][-]{section.7}{Anexos}{}% 24
\BOOKMARK [2][-]{subsection.7.1}{Conclusiones \(A LO MEJON SI A LO MEJON NO\)}{section.7}% 25
\BOOKMARK [2][-]{subsection.7.2}{Codigos de programacion}{section.7}% 26
\BOOKMARK [2][-]{subsection.7.3}{Montajes en Simulink}{section.7}% 27
